0.00800000	0.98166821	0.98166821	0.00000000	100	100.00000000	0.00000000
0.00832000	0.98135082	0.98135082	0.00000000	100	100.00000000	0.00000000
0.00865280	0.98102085	0.98102085	0.00000000	100	100.00000000	0.00000000
0.00899891	0.98067779	0.98067779	0.00000000	100	100.00000000	0.00000000
0.00935887	0.98032117	0.98032117	0.00000000	100	100.00000000	0.00000000
0.00973322	0.97995042	0.97995042	0.00000000	100	100.00000000	0.00000000
0.01012255	0.97956496	0.97956496	0.00000000	100	100.00000000	0.00000000
0.01052745	0.97916427	0.97916427	0.00000000	100	100.00000000	0.00000000
0.01094855	0.97874773	0.97874773	0.00000000	100	100.00000000	0.00000000
0.01138649	0.97831471	0.97831471	0.00000000	100	100.00000000	0.00000000
0.01184195	0.97786455	0.97786455	0.00000000	100	100.00000000	0.00000000
0.01231563	0.97739663	0.97739663	0.00000000	100	100.00000000	0.00000000
0.01280826	0.97691023	0.97691023	0.00000000	100	100.00000000	0.00000000
0.01332059	0.97640464	0.97640464	0.00000000	100	100.00000000	0.00000000
0.01385341	0.97587907	0.97587907	0.00000000	100	100.00000000	0.00000000
0.01440755	0.97533280	0.97533280	0.00000000	100	100.00000000	0.00000000
0.01498385	0.97476498	0.97476498	0.00000000	100	100.00000000	0.00000000
0.01558320	0.97417483	0.97417483	0.00000000	100	100.00000000	0.00000000
0.01620653	0.97356145	0.97356145	0.00000000	100	100.00000000	0.00000000
0.01685479	0.97292395	0.97292395	0.00000000	100	100.00000000	0.00000000
0.01752899	0.97226139	0.97226139	0.00000000	100	100.00000000	0.00000000
0.01823014	0.97157280	0.97157280	0.00000000	100	100.00000000	0.00000000
0.01895935	0.97085719	0.97085719	0.00000000	100	100.00000000	0.00000000
0.01971772	0.97011352	0.97011352	0.00000000	100	100.00000000	0.00000000
0.02050643	0.96934071	0.96934071	0.00000000	100	100.00000000	0.00000000
0.02132669	0.96853763	0.96853763	0.00000000	100	100.00000000	0.00000000
0.02217976	0.96770312	0.96770312	0.00000000	100	100.00000000	0.00000000
0.02306695	0.96683601	0.96683601	0.00000000	100	100.00000000	0.00000000
0.02398963	0.96593505	0.96593505	0.00000000	100	100.00000000	0.00000000
0.02494921	0.96499893	0.96499893	0.00000000	100	100.00000000	0.00000000
0.02594718	0.96402634	0.96402634	0.00000000	100	100.00000000	0.00000000
0.02698507	0.96301589	0.96301589	0.00000000	100	100.00000000	0.00000000
0.02806447	0.96196614	0.96196614	0.00000000	100	100.00000000	0.00000000
0.02918705	0.96087562	0.96087562	0.00000000	100	100.00000000	0.00000000
0.03035453	0.95974279	0.95974279	0.00000000	100	100.00000000	0.00000000
0.03156871	0.95856607	0.95856607	0.00000000	100	100.00000000	0.00000000
0.03283146	0.95734381	0.95734381	0.00000000	100	100.00000000	0.00000000
0.03414472	0.95607432	0.95607432	0.00000000	100	100.00000000	0.00000000
0.03551051	0.95475583	0.95475583	0.00000000	100	100.00000000	0.00000000
0.03693093	0.95338654	0.95338654	0.00000000	100	100.00000000	0.00000000
0.03840817	0.95196456	0.95196456	0.00000000	100	100.00000000	0.00000000
0.03994449	0.95048796	0.95048796	0.00000000	100	100.00000000	0.00000000
0.04154227	0.94895473	0.94895473	0.00000000	100	100.00000000	0.00000000
0.04320396	0.94736280	0.94736280	0.00000000	100	100.00000000	0.00000000
0.04493212	0.94571002	0.94571002	0.00000000	100	100.00000000	0.00000000
0.04672941	0.94399420	0.94399420	0.00000000	100	100.00000000	0.00000000
0.04859858	0.94221306	0.94221306	0.00000000	100	100.00000000	0.00000000
0.05054252	0.94036423	0.94036423	0.00000000	100	100.00000000	0.00000000
0.05256423	0.93844532	0.93844532	0.00000000	100	100.00000000	0.00000000
0.05466679	0.93645380	0.93645380	0.00000000	100	100.00000000	0.00000000
0.05685347	0.93438712	0.93438712	0.00000000	100	100.00000000	0.00000000
0.05912761	0.93224261	0.93224261	0.00000000	100	100.00000000	0.00000000
0.06149271	0.93001755	0.93001755	0.00000000	100	100.00000000	0.00000000
0.06395242	0.92770914	0.92770914	0.00000000	100	100.00000000	0.00000000
0.06651051	0.92531447	0.92531447	0.00000000	100	100.00000000	0.00000000
0.06917094	0.92283059	0.92283059	0.00000000	100	100.00000000	0.00000000
0.07193777	0.92025443	0.92025443	0.00000000	100	100.00000000	0.00000000
0.07481528	0.91758287	0.91758287	0.00000000	100	100.00000000	0.00000000
0.07780790	0.91481269	0.91481269	0.00000000	100	100.00000000	0.00000000
0.08092021	0.91194059	0.91194059	0.00000000	100	100.00000000	0.00000000
0.08415702	0.90896318	0.90896318	0.00000000	100	100.00000000	0.00000000
0.08752330	0.90587701	0.90587701	0.00000000	100	100.00000000	0.00000000
0.09102423	0.90267852	0.90267852	0.00000000	100	100.00000000	0.00000000
0.09466520	0.89936410	0.89936410	0.00000000	100	100.00000000	0.00000000
0.09845181	0.89593002	0.89593002	0.00000000	100	100.00000000	0.00000000
0.10238988	0.89237252	0.89237252	0.00000000	100	100.00000000	0.00000000
0.10648548	0.88868773	0.88868773	0.00000000	100	100.00000000	0.00000000
0.11074490	0.88487171	0.88487171	0.00000000	100	100.00000000	0.00000000
0.11517469	0.88092046	0.88092046	0.00000000	100	100.00000000	0.00000000
0.11978168	0.87682990	0.87682990	0.00000000	100	100.00000000	0.00000000
0.12457295	0.87259591	0.87259591	0.00000000	100	100.00000000	0.00000000
0.12955586	0.86821428	0.86821428	0.00000000	100	100.00000000	0.00000000
0.13473810	0.86368076	0.86368076	0.00000000	100	100.00000000	0.00000000
0.14012762	0.85899105	0.85899105	0.00000000	100	100.00000000	0.00000000
0.14573273	0.85414081	0.85414081	0.00000000	100	100.00000000	0.00000000
0.15156204	0.84912566	0.84912566	0.00000000	100	100.00000000	0.00000000
0.15762452	0.84394119	0.84394119	0.00000000	100	100.00000000	0.00000000
0.16392950	0.83858298	0.83858298	0.00000000	100	100.00000000	0.00000000
0.17048668	0.83304658	0.83304658	0.00000000	100	100.00000000	0.00000000
0.17730615	0.82732756	0.82732756	0.00000000	100	100.00000000	0.00000000
0.18439839	0.82142150	0.82142150	0.00000000	100	100.00000000	0.00000000
0.19177433	0.81532400	0.81532400	0.00000000	100	100.00000000	0.00000000
0.19944530	0.80903068	0.80903068	0.00000000	100	100.00000000	0.00000000
0.20742311	0.80253724	0.80253724	0.00000000	100	100.00000000	0.00000000
0.21572004	0.79583944	0.79583944	0.00000000	100	100.00000000	0.00000000
0.22434884	0.78893312	0.78893312	0.00000000	100	100.00000000	0.00000000
0.23332279	0.78181423	0.78181423	0.00000000	100	100.00000000	0.00000000
0.24265570	0.77448004	0.77448004	0.00000000	99	99.00000000	0.00000000
0.25236193	0.76692668	0.76692668	0.00000000	99	99.00000000	0.00000000
0.26245641	0.75914947	0.75914947	0.00000000	99	99.00000000	0.00000000
0.27295467	0.75114496	0.75114496	0.00000000	99	99.00000000	0.00000000
0.28387285	0.74290995	0.74290995	0.00000000	99	99.00000000	0.00000000
0.29522777	0.73444146	0.73444146	0.00000000	99	99.00000000	0.00000000
0.30703688	0.72573680	0.72573680	0.00000000	99	99.00000000	0.00000000
0.31931835	0.71679358	0.71679358	0.00000000	99	99.00000000	0.00000000
0.33209109	0.70760971	0.70760719	0.00000541	99	98.82000000	0.38612292
0.34537473	0.69818351	0.69818236	0.00000315	99	98.88000000	0.32659863
0.35918972	0.68851368	0.68850997	0.00000651	99	98.70000000	0.46056619
0.37355731	0.67860250	0.67860007	0.00000472	97	96.69000000	0.46482320
0.38849960	0.66845717	0.66845391	0.00000543	95	94.99000000	0.10000000
0.40403959	0.65807093	0.65806781	0.00000534	93	92.76000000	0.42923470
0.42020117	0.64744614	0.64744376	0.00000284	93	92.34000000	0.51678884
0.43700922	0.63658382	0.63657900	0.00000429	92	91.44000000	0.49888765
0.45448958	0.62548370	0.62548017	0.00000354	91	90.50000000	0.50251891
0.47266917	0.61415762	0.61414726	0.00000115	89	89.47000000	0.50161356
0.49157593	0.60260684	0.60258691	0.00000505	89	88.96000000	0.19694639
0.51123897	0.59083856	0.59081949	0.00000385	89	87.84000000	0.41971611
0.53168853	0.57884455	0.57883893	0.00000130	88	86.87000000	0.46395315
0.55295607	0.56664615	0.56664396	0.00001282	85	84.85000000	0.35887028
0.57507431	0.55424865	0.55423438	0.00002713	83	82.91000000	0.28762349
0.59807729	0.54164627	0.54162642	0.00002723	83	81.96000000	0.79034579
0.62200038	0.52886392	0.52883901	0.00002217	81	81.11000000	0.73711148
0.64688039	0.51589511	0.51586135	0.00002496	80	79.81000000	0.84918261
0.67275561	0.50275610	0.50273147	0.00003098	78	77.60000000	0.53181602
0.69966583	0.48946770	0.48942347	0.00003745	77	76.16000000	0.76170993
0.72765247	0.47602351	0.47597005	0.00003305	77	75.18000000	1.08599905
0.75675857	0.46246248	0.46241060	0.00002934	75	73.13000000	1.07923467
0.78702891	0.44879474	0.44874877	0.00003196	73	71.14000000	0.86479985
0.81851007	0.43504141	0.43498427	0.00004600	71	69.16000000	0.91805680
0.85125047	0.42120970	0.42113395	0.00005618	68	66.53000000	1.06794431
0.88530049	0.40732347	0.40723920	0.00005558	62	62.34000000	0.68490212
0.92071251	0.39338825	0.39327697	0.00005695	62	61.49000000	0.94809751
0.95754101	0.37940416	0.37927593	0.00007199	62	60.25000000	1.13150476
0.99584265	0.36543870	0.36531680	0.00006242	57	55.98000000	1.26315302
1.03567635	0.35153041	0.35140735	0.00007572	54	54.14000000	1.22284649
1.07710341	0.33766311	0.33752703	0.00008654	54	52.66000000	1.22449742
1.12018754	0.32386509	0.32372726	0.00009212	50	49.85000000	1.00879967
1.16499504	0.31015716	0.30998967	0.00011331	46	44.97000000	0.67352533
1.21159485	0.29655830	0.29642260	0.00012432	45	43.87000000	0.96037661
1.26005864	0.28305527	0.28288637	0.00014208	44	42.54000000	0.95790175
1.31046099	0.26969189	0.26956561	0.00013113	42	41.19000000	1.06073159
1.36287942	0.25649344	0.25633340	0.00013210	39	37.79000000	1.10366698
1.41739460	0.24350410	0.24333795	0.00015772	37	35.68000000	1.15365033
1.47409039	0.23071692	0.23054433	0.00017915	35	33.60000000	1.02494149
1.53305400	0.21818444	0.21804130	0.00015326	33	30.82000000	1.06723470
1.59437616	0.20592923	0.20577143	0.00014736	29	27.93000000	1.25734207
1.65815121	0.19395004	0.19381201	0.00011745	29	27.35000000	1.27425954
1.72447726	0.18224408	0.18206318	0.00018985	28	25.59000000	1.09262912
1.79345635	0.17086156	0.17069275	0.00015264	25	23.54000000	1.16705621
1.86519460	0.15981953	0.15968605	0.00013320	23	22.18000000	0.94687151
1.93980238	0.14915903	0.14901419	0.00012427	21	20.68000000	0.97317558
2.01739448	0.13890269	0.13872004	0.00014512	20	18.69000000	0.93953567
2.09809026	0.12901221	0.12882514	0.00017947	19	17.88000000	1.15714731
2.18201387	0.11951610	0.11931110	0.00019907	18	16.96000000	1.04369197
2.26929442	0.11042803	0.11025483	0.00017967	17	15.60000000	1.01503844
2.36006620	0.10173913	0.10157923	0.00015599	14	14.69000000	0.93953567
2.45446885	0.09345756	0.09332281	0.00014168	15	13.68000000	0.83943223
2.55264760	0.08567014	0.08545415	0.00014380	15	12.84000000	0.88443328
2.65475351	0.07824899	0.07806163	0.00011937	12	11.97000000	0.80972623
2.76094365	0.07135378	0.07109275	0.00014127	11	10.65000000	0.95742711
2.87138139	0.06481070	0.06456038	0.00012919	11	10.58000000	0.95536761
2.98623665	0.05869334	0.05841572	0.00016163	11	9.99000000	0.94809751
3.10568612	0.05296377	0.05271290	0.00016124	10	9.76000000	0.76699598
3.22991356	0.04761468	0.04738774	0.00016483	10	9.20000000	0.91010045
3.35911010	0.04263579	0.04241848	0.00016221	10	8.72000000	0.77953625
3.49347451	0.03804953	0.03787093	0.00016515	10	8.44000000	0.94623123
3.63321349	0.03381920	0.03364650	0.00016615	10	7.94000000	0.99310756
3.77854203	0.02992657	0.02976886	0.00017142	9	7.51000000	0.81022506
3.92968371	0.02636005	0.02626183	0.00010507	9	7.39000000	0.88642968
4.08687106	0.02310858	0.02301100	0.00011468	8	6.82000000	0.93614296
4.25034590	0.02016249	0.02008434	0.00010333	7	6.62000000	0.81377037
4.42035973	0.01750769	0.01744734	0.00006858	9	6.15000000	0.99873658
4.59717412	0.01512700	0.01508837	0.00004926	9	6.04000000	0.97359067
4.78106109	0.01300467	0.01297045	0.00005497	7	5.51000000	0.71767019
4.97230353	0.01113023	0.01110874	0.00003578	6	5.39000000	0.56666667
5.17119567	0.00947354	0.00944999	0.00004095	6	5.10000000	0.61134064
5.37804350	0.00801969	0.00799705	0.00005969	5	4.84000000	0.36845295
5.59316524	0.00674849	0.00673705	0.00002363	5	4.80000000	0.40201513
5.81689185	0.00564210	0.00563242	0.00003402	5	4.67000000	0.49349301
6.04956752	0.00468882	0.00467781	0.00002108	4	4.43000000	0.55514126
6.29155022	0.00387539	0.00386330	0.00001118	4	4.08000000	0.84900417
6.54321223	0.00317980	0.00316903	0.00000912	4	3.48000000	0.54085604
6.80494072	0.00259004	0.00258285	0.00000768	4	3.30000000	0.46056619
7.07713835	0.00209351	0.00208888	0.00000644	4	3.14000000	0.40251733
7.36022388	0.00167868	0.00167629	0.00000499	4	3.11000000	0.31446604
7.65463284	0.00133489	0.00133273	0.00000650	4	3.09000000	0.28762349
7.96081815	0.00105232	0.00105097	0.00000341	4	3.13000000	0.33799767
8.27925088	0.00082221	0.00082123	0.00000249	4	3.14000000	0.34873509
8.61042091	0.00063675	0.00063598	0.00000240	4	3.08000000	0.27265992
8.95483775	0.00048815	0.00048775	0.00000093	4	3.14000000	0.34873509
9.31303126	0.00037092	0.00037053	0.00000103	4	3.10000000	0.30151134
9.68555251	0.00027889	0.00027851	0.00000141	4	3.06000000	0.23868326
10.07297461	0.00020737	0.00020720	0.00000053	3	3.00000000	0.00000000
10.47589360	0.00015235	0.00015207	0.00000051	3	3.00000000	0.00000000
10.89492934	0.00011091	0.00011081	0.00000025	3	3.00000000	0.00000000
11.33072651	0.00007967	0.00007950	0.00000024	3	3.00000000	0.00000000
11.78395557	0.00005654	0.00005642	0.00000015	3	2.99000000	0.10000000
12.25531380	0.00003961	0.00003951	0.00000015	3	2.99000000	0.10000000
12.74552635	0.00002758	0.00002734	0.00000019	3	2.99000000	0.10000000
13.25534740	0.00001881	0.00001864	0.00000013	3	2.96000000	0.19694639
13.78556130	0.00001290	0.00001270	0.00000017	3	2.90000000	0.30151134
14.33698375	0.00000833	0.00000825	0.00000004	2	2.89000000	0.31446604
14.91046310	0.00000541	0.00000530	0.00000004	2	2.81000000	0.39427724
15.50688163	0.00000350	0.00000342	0.00000003	2	2.65000000	0.47937249
16.12715689	0.00000230	0.00000220	0.00000004	2	2.46000000	0.50090827
16.77224317	0.00000139	0.00000133	0.00000003	2	2.03000000	0.17144661
17.44313289	0.00000091	0.00000078	0.00000007	3	2.20000000	0.40201513
18.14085821	0.00000063	0.00000048	0.00000008	2	2.07000000	0.25643240
18.86649254	0.00000036	0.00000026	0.00000007	2	2.01000000	0.30134379
19.62115224	0.00000028	0.00000008	0.00000007	2	1.72000000	0.45126086
20.40599833	0.00000017	0.00000003	0.00000004	2	1.58000000	0.49604496
21.22223826	0.00000011	0.00000001	0.00000003	2	1.37000000	0.50562493
22.07112779	0.00000015	0.00000001	0.00000003	2	1.39000000	0.49020713
22.95397290	0.00000016	0.00000001	0.00000003	2	1.43000000	0.49756985
23.87213182	0.00000014	0.00000002	0.00000003	2	1.55000000	0.51980960
24.82701709	0.00000013	0.00000003	0.00000003	2	1.69000000	0.48606854
25.82009778	0.00000011	0.00000002	0.00000002	2	1.66000000	0.49685882
26.85290169	0.00000012	0.00000002	0.00000003	2	1.66000000	0.49685882
27.92701776	0.00000008	0.00000002	0.00000002	2	1.63000000	0.54411452
29.04409847	0.00000008	0.00000002	0.00000002	2	1.65000000	0.51980960
30.20586240	0.00000009	0.00000001	0.00000002	2	1.65000000	0.55732043
31.41409690	0.00000007	0.00000002	0.00000002	2	1.71000000	0.53738988
32.67066078	0.00000009	0.00000002	0.00000002	2	1.69000000	0.54485657
33.97748721	0.00000008	0.00000002	0.00000002	2	1.66000000	0.47609523
35.33658670	0.00000008	0.00000002	0.00000002	2	1.68000000	0.54827553
36.75005016	0.00000006	0.00000001	0.00000002	2	1.57000000	0.51747249
38.22005217	0.00000007	0.00000002	0.00000002	2	1.75000000	0.51980960
39.74885426	0.00000009	0.00000002	0.00000002	2	1.61000000	0.56666667
41.33880843	0.00000008	0.00000002	0.00000002	2	1.65000000	0.51980960
42.99236076	0.00000009	0.00000002	0.00000002	2	1.68000000	0.52953191
44.71205519	0.00000009	0.00000002	0.00000002	2	1.56000000	0.53785958
46.50053740	0.00000009	0.00000001	0.00000002	2	1.57000000	0.55514126
48.36055890	0.00000009	0.00000002	0.00000002	2	1.57000000	0.55514126
50.29498125	0.00000008	0.00000002	0.00000002	2	1.59000000	0.55222232
52.30678050	0.00000008	0.00000002	0.00000002	2	1.74000000	0.56174332
54.39905173	0.00000009	0.00000002	0.00000002	2	1.75000000	0.53889149
56.57501379	0.00000008	0.00000002	0.00000002	2	1.62000000	0.52762092
58.83801435	0.00000010	0.00000002	0.00000002	2	1.63000000	0.52522242
61.19153492	0.00000008	0.00000002	0.00000002	3	1.75000000	0.57515918
63.63919632	0.00000007	0.00000002	0.00000002	2	1.63000000	0.56237232
66.18476417	0.00000010	0.00000002	0.00000002	2	1.76000000	0.53409037
68.83215474	0.00000008	0.00000002	0.00000002	3	1.67000000	0.55149018
71.58544093	0.00000007	0.00000002	0.00000002	2	1.65000000	0.51980960
74.44885856	0.00000010	0.00000002	0.00000002	2	1.59000000	0.51433982
77.42681290	0.00000009	0.00000002	0.00000002	2	1.67000000	0.53285964
80.52388542	0.00000011	0.00000002	0.00000002	2	1.69000000	0.50642339
83.74484084	0.00000012	0.00000002	0.00000002	3	1.62000000	0.52762092
87.09463447	0.00000009	0.00000002	0.00000002	2	1.59000000	0.51433982
90.57841985	0.00000007	0.00000002	0.00000002	2	1.75000000	0.50000000
94.20155664	0.00000009	0.00000002	0.00000002	2	1.60000000	0.51247074
97.96961891	0.00000006	0.00000002	0.00000002	2	1.60000000	0.53181602
101.88840367	0.00000010	0.00000002	0.00000002	2	1.62000000	0.58222839
105.96393981	0.00000007	0.00000002	0.00000002	2	1.60000000	0.56853524
110.20249741	0.00000008	0.00000002	0.00000002	2	1.69000000	0.52599113
114.61059730	0.00000009	0.00000002	0.00000002	2	1.55000000	0.53889149
119.19502119	0.00000007	0.00000002	0.00000002	2	1.70000000	0.57735027
123.96282204	0.00000008	0.00000002	0.00000002	2	1.66000000	0.53597829
128.92133492	0.00000008	0.00000002	0.00000002	2	1.62000000	0.52762092
134.07818832	0.00000008	0.00000002	0.00000002	2	1.69000000	0.58075186
139.44131585	0.00000013	0.00000002	0.00000002	2	1.68000000	0.51010001
145.01896849	0.00000007	0.00000002	0.00000002	2	1.63000000	0.52522242
150.81972723	0.00000008	0.00000002	0.00000002	2	1.67000000	0.49349301
156.85251632	0.00000007	0.00000002	0.00000002	2	1.63000000	0.48523659
163.12661697	0.00000009	0.00000002	0.00000002	2	1.71000000	0.51825270
169.65168165	0.00000010	0.00000002	0.00000002	2	1.68000000	0.52953191
176.43774891	0.00000007	0.00000002	0.00000002	2	1.66000000	0.49685882
183.49525887	0.00000010	0.00000002	0.00000002	2	1.65000000	0.47937249
190.83506922	0.00000009	0.00000002	0.00000003	2	1.63000000	0.48523659
198.46847199	0.00000008	0.00000002	0.00000002	2	1.65000000	0.53889149
206.40721087	0.00000011	0.00000002	0.00000002	2	1.61000000	0.51039695
214.66349931	0.00000010	0.00000002	0.00000002	2	1.61000000	0.51039695
223.25003928	0.00000009	0.00000002	0.00000002	2	1.66000000	0.53597829
232.18004085	0.00000011	0.00000002	0.00000002	2	1.72000000	0.49400446
241.46724249	0.00000009	0.00000002	0.00000002	2	1.75000000	0.50000000
251.12593218	0.00000012	0.00000002	0.00000003	2	1.62000000	0.54643010
261.17096947	0.00000009	0.00000002	0.00000002	3	1.73000000	0.52905481
271.61780825	0.00000009	0.00000002	0.00000002	2	1.76000000	0.47396884
282.48252058	0.00000009	0.00000002	0.00000002	3	1.61000000	0.51039695
293.78182140	0.00000010	0.00000002	0.00000002	2	1.70000000	0.57735027
305.53309426	0.00000009	0.00000002	0.00000002	2	1.71000000	0.53738988
317.75441803	0.00000011	0.00000002	0.00000002	2	1.64000000	0.57770007
330.46459475	0.00000007	0.00000001	0.00000002	2	1.59000000	0.55222232
343.68317854	0.00000008	0.00000002	0.00000002	2	1.62000000	0.52762092
357.43050568	0.00000007	0.00000002	0.00000002	2	1.61000000	0.51039695
371.72772591	0.00000009	0.00000002	0.00000002	3	1.67000000	0.55149018
386.59683495	0.00000008	0.00000002	0.00000002	2	1.56000000	0.51873973
402.06070835	0.00000009	0.00000002	0.00000002	2	1.71000000	0.49838122
418.14313668	0.00000009	0.00000002	0.00000002	2	1.68000000	0.51010001
434.86886215	0.00000009	0.00000002	0.00000002	2	1.56000000	0.55632270
452.26361663	0.00000008	0.00000002	0.00000002	2	1.62000000	0.54643010
470.35416130	0.00000009	0.00000002	0.00000002	2	1.72000000	0.51404516
489.16832775	0.00000010	0.00000002	0.00000002	2	1.71000000	0.51825270
508.73506086	0.00000010	0.00000002	0.00000002	2	1.64000000	0.52261966
529.08446329	0.00000007	0.00000002	0.00000002	2	1.59000000	0.51433982
550.24784183	0.00000009	0.00000002	0.00000002	2	1.64000000	0.54160256
572.25775550	0.00000009	0.00000002	0.00000002	2	1.70000000	0.52223297
595.14806572	0.00000009	0.00000002	0.00000002	2	1.56000000	0.49888765
618.95398835	0.00000008	0.00000002	0.00000002	2	1.68000000	0.52953191
643.71214788	0.00000009	0.00000002	0.00000002	2	1.72000000	0.51404516
669.46063380	0.00000009	0.00000001	0.00000002	2	1.54000000	0.52068331
696.23905915	0.00000008	0.00000002	0.00000002	2	1.76000000	0.49482167
724.08862152	0.00000009	0.00000002	0.00000002	2	1.58000000	0.53522392
753.05216638	0.00000010	0.00000002	0.00000002	2	1.63000000	0.52522242
783.17425303	0.00000010	0.00000002	0.00000002	2	1.59000000	0.53361735
814.50122315	0.00000008	0.00000002	0.00000002	2	1.68000000	0.51010001
847.08127208	0.00000009	0.00000002	0.00000002	2	1.68000000	0.48989795
880.96452296	0.00000008	0.00000002	0.00000002	2	1.64000000	0.55994228
916.20310388	0.00000008	0.00000002	0.00000002	2	1.69000000	0.54485657
952.85122803	0.00000012	0.00000002	0.00000002	2	1.63000000	0.54411452
990.96527716	0.00000008	0.00000002	0.00000002	2	1.64000000	0.54160256
1030.60388824	0.00000009	0.00000002	0.00000002	2	1.69000000	0.52599113
1071.82804377	0.00000007	0.00000002	0.00000002	2	1.55000000	0.51980960
1114.70116552	0.00000008	0.00000002	0.00000002	2	1.65000000	0.55732043
1159.28921214	0.00000009	0.00000002	0.00000002	2	1.62000000	0.54643010
1205.66078063	0.00000008	0.00000002	0.00000002	2	1.56000000	0.55632270
1253.88721186	0.00000011	0.00000002	0.00000002	2	1.69000000	0.52599113
1304.04270033	0.00000008	0.00000002	0.00000002	2	1.66000000	0.49685882
1356.20440834	0.00000012	0.00000002	0.00000003	2	1.65000000	0.51980960
1410.45258468	0.00000008	0.00000002	0.00000002	2	1.68000000	0.58396070
1466.87068806	0.00000008	0.00000002	0.00000002	2	1.67000000	0.55149018
1525.54551559	0.00000007	0.00000002	0.00000002	3	1.63000000	0.52522242
1586.56733621	0.00000009	0.00000002	0.00000002	2	1.62000000	0.54643010
1650.03002966	0.00000008	0.00000002	0.00000002	2	1.69000000	0.50642339
1716.03123084	0.00000007	0.00000002	0.00000002	2	1.64000000	0.55994228
1784.67248008	0.00000010	0.00000002	0.00000002	2	1.67000000	0.47258156
1856.05937928	0.00000007	0.00000002	0.00000002	3	1.60000000	0.55048188
1930.30175445	0.00000009	0.00000002	0.00000002	2	1.60000000	0.51247074
2007.51382463	0.00000007	0.00000002	0.00000002	2	1.59000000	0.55222232
2087.81437762	0.00000008	0.00000002	0.00000002	2	1.63000000	0.50562493
2171.32695272	0.00000009	0.00000002	0.00000002	2	1.65000000	0.51980960
2258.18003083	0.00000010	0.00000002	0.00000002	2	1.59000000	0.51433982
2348.50723206	0.00000009	0.00000002	0.00000002	2	1.61000000	0.52981796
2442.44752134	0.00000010	0.00000002	0.00000002	2	1.67000000	0.58697994
2540.14542220	0.00000009	0.00000002	0.00000002	2	1.73000000	0.54781476
2641.75123909	0.00000008	0.00000002	0.00000002	2	1.72000000	0.47311561
2747.42128865	0.00000009	0.00000002	0.00000002	2	1.69000000	0.48606854
2857.31814020	0.00000010	0.00000002	0.00000002	2	1.64000000	0.48241815
2971.61086580	0.00000008	0.00000002	0.00000002	2	1.66000000	0.51678884
3090.47530044	0.00000009	0.00000002	0.00000002	2	1.62000000	0.58222839
3214.09431245	0.00000010	0.00000002	0.00000002	2	1.67000000	0.56951158
3342.65808495	0.00000011	0.00000002	0.00000002	2	1.63000000	0.56237232
3476.36440835	0.00000010	0.00000002	0.00000002	2	1.72000000	0.49400446
3615.41898468	0.00000009	0.00000002	0.00000002	2	1.63000000	0.56237232
3760.03574407	0.00000009	0.00000002	0.00000002	2	1.57000000	0.55514126
3910.43717383	0.00000010	0.00000002	0.00000002	2	1.63000000	0.48523659
4066.85466079	0.00000009	0.00000002	0.00000002	2	1.62000000	0.54643010
4229.52884722	0.00000011	0.00000002	0.00000002	2	1.62000000	0.54643010
4398.71000111	0.00000011	0.00000002	0.00000002	2	1.68000000	0.52953191
4574.65840115	0.00000010	0.00000002	0.00000003	2	1.63000000	0.52522242
4757.64473720	0.00000009	0.00000002	0.00000002	2	1.59000000	0.51433982
4947.95052668	0.00000009	0.00000002	0.00000002	2	1.57000000	0.55514126
5145.86854775	0.00000010	0.00000001	0.00000002	2	1.49000000	0.50241839
5351.70328966	0.00000007	0.00000002	0.00000002	2	1.60000000	0.53181602
5565.77142125	0.00000008	0.00000002	0.00000002	2	1.67000000	0.53285964
5788.40227810	0.00000008	0.00000002	0.00000002	2	1.63000000	0.50562493
6019.93836922	0.00000007	0.00000002	0.00000002	2	1.68000000	0.54827553
6260.73590399	0.00000010	0.00000001	0.00000002	2	1.58000000	0.53522392
6511.16534015	0.00000010	0.00000002	0.00000002	2	1.75000000	0.45781651
6771.61195376	0.00000007	0.00000002	0.00000002	2	1.70000000	0.50251891
7042.47643191	0.00000008	0.00000002	0.00000002	2	1.67000000	0.53285964
7324.17548918	0.00000009	0.00000002	0.00000002	2	1.74000000	0.56174332
7617.14250875	0.00000009	0.00000002	0.00000002	2	1.61000000	0.52981796
7921.82820910	0.00000008	0.00000002	0.00000002	2	1.61000000	0.51039695
8238.70133746	0.00000008	0.00000002	0.00000002	2	1.63000000	0.56237232
8568.24939096	0.00000008	0.00000002	0.00000002	2	1.59000000	0.51433982
8910.97936660	0.00000007	0.00000002	0.00000002	2	1.65000000	0.53889149
9267.41854127	0.00000011	0.00000002	0.00000003	2	1.62000000	0.54643010
9638.11528292	0.00000009	0.00000002	0.00000002	2	1.63000000	0.50562493
