0.00800000	0.98155312	0.98155312	0.00000000	100	100.00000000	0.00000000
0.00832000	0.98123571	0.98123571	0.00000000	100	100.00000000	0.00000000
0.00865280	0.98090574	0.98090574	0.00000000	100	100.00000000	0.00000000
0.00899891	0.98056267	0.98056267	0.00000000	100	100.00000000	0.00000000
0.00935887	0.98020605	0.98020605	0.00000000	100	100.00000000	0.00000000
0.00973322	0.97983528	0.97983528	0.00000000	100	100.00000000	0.00000000
0.01012255	0.97944985	0.97944985	0.00000000	100	100.00000000	0.00000000
0.01052745	0.97904917	0.97904917	0.00000000	100	100.00000000	0.00000000
0.01094855	0.97863261	0.97863261	0.00000000	100	100.00000000	0.00000000
0.01138649	0.97819961	0.97819961	0.00000000	100	100.00000000	0.00000000
0.01184195	0.97774945	0.97774945	0.00000000	100	100.00000000	0.00000000
0.01231563	0.97728154	0.97728154	0.00000000	100	100.00000000	0.00000000
0.01280826	0.97679510	0.97679510	0.00000000	100	100.00000000	0.00000000
0.01332059	0.97628948	0.97628948	0.00000000	100	100.00000000	0.00000000
0.01385341	0.97576389	0.97576389	0.00000000	100	100.00000000	0.00000000
0.01440755	0.97521763	0.97521763	0.00000000	100	100.00000000	0.00000000
0.01498385	0.97464985	0.97464985	0.00000000	100	100.00000000	0.00000000
0.01558320	0.97405968	0.97405968	0.00000000	100	100.00000000	0.00000000
0.01620653	0.97344625	0.97344625	0.00000000	100	100.00000000	0.00000000
0.01685479	0.97280875	0.97280875	0.00000000	100	100.00000000	0.00000000
0.01752899	0.97214620	0.97214620	0.00000000	100	100.00000000	0.00000000
0.01823014	0.97145756	0.97145756	0.00000000	100	100.00000000	0.00000000
0.01895935	0.97074196	0.97074196	0.00000000	100	100.00000000	0.00000000
0.01971772	0.96999829	0.96999829	0.00000000	100	100.00000000	0.00000000
0.02050643	0.96922547	0.96922547	0.00000000	100	100.00000000	0.00000000
0.02132669	0.96842235	0.96842235	0.00000000	100	100.00000000	0.00000000
0.02217976	0.96758786	0.96758786	0.00000000	100	100.00000000	0.00000000
0.02306695	0.96672076	0.96672076	0.00000000	100	100.00000000	0.00000000
0.02398963	0.96581979	0.96581979	0.00000000	100	100.00000000	0.00000000
0.02494921	0.96488368	0.96488368	0.00000000	100	100.00000000	0.00000000
0.02594718	0.96391109	0.96391109	0.00000000	100	100.00000000	0.00000000
0.02698507	0.96290064	0.96290064	0.00000000	100	100.00000000	0.00000000
0.02806447	0.96185089	0.96185089	0.00000000	100	100.00000000	0.00000000
0.02918705	0.96076038	0.96076038	0.00000000	100	100.00000000	0.00000000
0.03035453	0.95962755	0.95962755	0.00000000	100	100.00000000	0.00000000
0.03156871	0.95845083	0.95845083	0.00000000	100	100.00000000	0.00000000
0.03283146	0.95722857	0.95722857	0.00000000	100	100.00000000	0.00000000
0.03414472	0.95595909	0.95595909	0.00000000	100	100.00000000	0.00000000
0.03551051	0.95464060	0.95464060	0.00000000	100	100.00000000	0.00000000
0.03693093	0.95327132	0.95327132	0.00000000	100	100.00000000	0.00000000
0.03840817	0.95184934	0.95184934	0.00000000	100	100.00000000	0.00000000
0.03994449	0.95037275	0.95037275	0.00000000	100	100.00000000	0.00000000
0.04154227	0.94883952	0.94883952	0.00000000	100	100.00000000	0.00000000
0.04320396	0.94724759	0.94724759	0.00000000	100	100.00000000	0.00000000
0.04493212	0.94559482	0.94559482	0.00000000	100	100.00000000	0.00000000
0.04672941	0.94387901	0.94387901	0.00000000	100	100.00000000	0.00000000
0.04859858	0.94209787	0.94209787	0.00000000	100	100.00000000	0.00000000
0.05054252	0.94024906	0.94024906	0.00000000	100	100.00000000	0.00000000
0.05256423	0.93833015	0.93833015	0.00000000	100	100.00000000	0.00000000
0.05466679	0.93633864	0.93633864	0.00000000	100	100.00000000	0.00000000
0.05685347	0.93427196	0.93427196	0.00000000	100	100.00000000	0.00000000
0.05912761	0.93212747	0.93212747	0.00000000	100	100.00000000	0.00000000
0.06149271	0.92990242	0.92990242	0.00000000	100	100.00000000	0.00000000
0.06395242	0.92759402	0.92759402	0.00000000	100	100.00000000	0.00000000
0.06651051	0.92519936	0.92519936	0.00000000	100	100.00000000	0.00000000
0.06917094	0.92271549	0.92271549	0.00000000	100	100.00000000	0.00000000
0.07193777	0.92013935	0.92013935	0.00000000	100	100.00000000	0.00000000
0.07481528	0.91746781	0.91746781	0.00000000	100	100.00000000	0.00000000
0.07780790	0.91469764	0.91469764	0.00000000	100	100.00000000	0.00000000
0.08092021	0.91182556	0.91182556	0.00000000	100	100.00000000	0.00000000
0.08415702	0.90884817	0.90884817	0.00000000	100	100.00000000	0.00000000
0.08752330	0.90576202	0.90576202	0.00000000	100	100.00000000	0.00000000
0.09102423	0.90256356	0.90256356	0.00000000	100	100.00000000	0.00000000
0.09466520	0.89924916	0.89924916	0.00000000	100	100.00000000	0.00000000
0.09845181	0.89581511	0.89581511	0.00000000	100	100.00000000	0.00000000
0.10238988	0.89225764	0.89225764	0.00000000	100	100.00000000	0.00000000
0.10648548	0.88857287	0.88857287	0.00000000	100	100.00000000	0.00000000
0.11074490	0.88475689	0.88475689	0.00000000	100	100.00000000	0.00000000
0.11517469	0.88080567	0.88080567	0.00000000	100	100.00000000	0.00000000
0.11978168	0.87671516	0.87671516	0.00000000	100	100.00000000	0.00000000
0.12457295	0.87248120	0.87248120	0.00000000	100	100.00000000	0.00000000
0.12955586	0.86809962	0.86809962	0.00000000	100	100.00000000	0.00000000
0.13473810	0.86356615	0.86356615	0.00000000	100	100.00000000	0.00000000
0.14012762	0.85887649	0.85887649	0.00000000	100	100.00000000	0.00000000
0.14573273	0.85402631	0.85402631	0.00000000	100	100.00000000	0.00000000
0.15156204	0.84901122	0.84901122	0.00000000	100	100.00000000	0.00000000
0.15762452	0.84382682	0.84382682	0.00000000	100	100.00000000	0.00000000
0.16392950	0.83846867	0.83846867	0.00000000	100	100.00000000	0.00000000
0.17048668	0.83293340	0.83293340	0.00000000	99	99.00000000	0.00000000
0.17730615	0.82721604	0.82721604	0.00000000	99	99.00000000	0.00000000
0.18439839	0.82131167	0.82131167	0.00000000	99	99.00000000	0.00000000
0.19177433	0.81521591	0.81521591	0.00000000	99	99.00000000	0.00000000
0.19944530	0.80892438	0.80892438	0.00000000	99	99.00000000	0.00000000
0.20742311	0.80243278	0.80243278	0.00000000	99	99.00000000	0.00000000
0.21572004	0.79573687	0.79573687	0.00000000	99	99.00000000	0.00000000
0.22434884	0.78883249	0.78883249	0.00000000	99	99.00000000	0.00000000
0.23332279	0.78171558	0.78171558	0.00000000	99	99.00000000	0.00000000
0.24265570	0.77438221	0.77438221	0.00000000	99	99.00000000	0.00000000
0.25236193	0.76682860	0.76682860	0.00000000	99	99.00000000	0.00000000
0.26245641	0.75905112	0.75905112	0.00000000	99	99.00000000	0.00000000
0.27295467	0.75104636	0.75104636	0.00000000	99	99.00000000	0.00000000
0.28387285	0.74281301	0.74280791	0.00000941	97	96.77000000	0.42295258
0.29522777	0.73434944	0.73434606	0.00000707	97	96.81000000	0.39427724
0.30703688	0.72565224	0.72564744	0.00000689	97	96.39000000	0.66507385
0.31931835	0.71671771	0.71671364	0.00000527	96	95.63000000	0.52522242
0.33209109	0.70754951	0.70754727	0.00000363	95	94.71000000	0.45604802
0.34537473	0.69814112	0.69813960	0.00000247	95	94.58000000	0.53522392
0.35918972	0.68849882	0.68849664	0.00000507	93	92.77000000	0.42295258
0.37355731	0.67861639	0.67861450	0.00000440	93	92.58000000	0.49604496
0.38849960	0.66849181	0.66849034	0.00000420	92	92.00000000	0.00000000
0.40403959	0.65812388	0.65812215	0.00000384	92	91.83000000	0.37752517
0.42020117	0.64751437	0.64751249	0.00001027	91	90.89000000	0.31446604
0.43700922	0.63666619	0.63666303	0.00001385	89	88.95000000	0.21904291
0.45448958	0.62558101	0.62557379	0.00001798	89	88.86000000	0.34873509
0.47266917	0.61425869	0.61424978	0.00001384	89	88.61000000	0.56666667
0.49157593	0.60270184	0.60269029	0.00001890	88	87.36000000	0.54160256
0.51123897	0.59092799	0.59091688	0.00002299	86	85.84000000	0.39491720
0.53168853	0.57894203	0.57893102	0.00002452	84	83.89000000	0.44710065
0.55295607	0.56676219	0.56675184	0.00002529	83	82.83000000	0.42770234
0.57507431	0.55437381	0.55435775	0.00003607	83	82.68000000	0.51010001
0.59807729	0.54178159	0.54174103	0.00005476	81	80.36000000	0.57770007
0.62200038	0.52901444	0.52897599	0.00005719	80	79.43000000	0.68541811
0.64688039	0.51606345	0.51602713	0.00005070	79	78.21000000	0.80772783
0.67275561	0.50294651	0.50289456	0.00006143	77	76.54000000	0.61001739
0.69966583	0.48967218	0.48960306	0.00006713	76	75.25000000	0.64157319
0.72765247	0.47624392	0.47617687	0.00007271	75	74.07000000	0.59041160
0.75675857	0.46267350	0.46260622	0.00007549	74	73.64000000	0.61167100
0.78702891	0.44899722	0.44890518	0.00008049	72	71.21000000	0.70057696
0.81851007	0.43521501	0.43512568	0.00008620	70	69.06000000	0.83870993
0.85125047	0.42133731	0.42122400	0.00011082	70	68.11000000	1.05308589
0.88530049	0.40742598	0.40726686	0.00012006	66	65.17000000	1.25573432
0.92071251	0.39345257	0.39329047	0.00011393	65	64.28000000	1.29552454
0.95754101	0.37948643	0.37929781	0.00012205	62	61.04000000	1.44194033
0.99584265	0.36549246	0.36530798	0.00013328	61	59.66000000	1.42998199
1.03567635	0.35149482	0.35127881	0.00015863	59	57.93000000	1.22478611
1.07710341	0.33756539	0.33739043	0.00017362	57	55.99000000	0.81022506
1.12018754	0.32369507	0.32351036	0.00016831	55	54.76000000	1.12922607
1.16499504	0.30988998	0.30970248	0.00017718	54	53.41000000	0.92217354
1.21159485	0.29617051	0.29595899	0.00016222	53	51.52000000	0.85846939
1.26005864	0.28257338	0.28238058	0.00014266	51	49.71000000	0.89097608
1.31046099	0.26914946	0.26897588	0.00015812	50	48.36000000	1.08730043
1.36287942	0.25597137	0.25578662	0.00017546	48	46.30000000	1.06836985
1.41739460	0.24299712	0.24274849	0.00016561	46	45.18000000	1.06723470
1.47409039	0.23021089	0.22992332	0.00016874	44	42.09000000	1.27203805
1.53305400	0.21764971	0.21735360	0.00015766	40	38.10000000	1.19341628
1.59437616	0.20533383	0.20508784	0.00012170	38	36.38000000	1.26155267
1.65815121	0.19327965	0.19307804	0.00014488	36	34.86000000	1.27936221
1.72447726	0.18163133	0.18142902	0.00013315	34	33.00000000	1.24721913
1.79345635	0.17029979	0.17009879	0.00014714	31	29.01000000	1.15027445
1.86519460	0.15931674	0.15914172	0.00013710	29	27.08000000	1.10718498
1.93980238	0.14871274	0.14853475	0.00012704	26	24.26000000	1.12474464
2.01739448	0.13844282	0.13831036	0.00013420	25	23.18000000	1.08599905
2.09809026	0.12860067	0.12848867	0.00009848	24	22.36000000	0.93765234
2.18201387	0.11913153	0.11904565	0.00011419	22	21.59000000	0.81767100
2.26929442	0.11009932	0.11001067	0.00010181	19	20.15000000	0.79613968
2.36006620	0.10159066	0.10146693	0.00012333	20	19.17000000	1.11060089
2.45446885	0.09346055	0.09329387	0.00013312	19	17.61000000	1.01399301
2.55264760	0.08571833	0.08550311	0.00017016	16	15.95000000	1.11350752
2.65475351	0.07842025	0.07823134	0.00018250	14	14.81000000	1.07960898
2.76094365	0.07151901	0.07130573	0.00021814	14	13.95000000	0.89188259
2.87138139	0.06502440	0.06482761	0.00023396	13	13.14000000	0.96420795
2.98623665	0.05896338	0.05879916	0.00024321	13	12.65000000	0.80872765
3.10568612	0.05327821	0.05310701	0.00025431	12	11.61000000	0.79002621
3.22991356	0.04797875	0.04785627	0.00024673	11	11.25000000	0.60927180
3.35911010	0.04305665	0.04294417	0.00020666	11	11.01000000	0.55949111
3.49347451	0.03848778	0.03834998	0.00024342	11	10.76000000	0.62150030
3.63321349	0.03426058	0.03417025	0.00019505	11	10.66000000	0.63912819
3.77854203	0.03039171	0.03032186	0.00015672	11	10.16000000	0.82535575
3.92968371	0.02685572	0.02678049	0.00016496	10	9.56000000	0.67149765
4.08687106	0.02362959	0.02357375	0.00010221	10	9.25000000	0.78334945
4.25034590	0.02069508	0.02066523	0.00006520	10	8.78000000	0.99066349
4.42035973	0.01805395	0.01802778	0.00004730	8	7.64000000	0.70381357
4.59717412	0.01567928	0.01566809	0.00002509	7	6.77000000	0.42295258
4.78106109	0.01354893	0.01354330	0.00002130	7	6.90000000	0.36237154
4.97230353	0.01165015	0.01164219	0.00003574	6	6.04000000	0.19694639
5.17119567	0.00996393	0.00996304	0.00000531	6	6.00000000	0.00000000
5.37804350	0.00847310	0.00847150	0.00000953	6	5.99000000	0.10000000
5.59316524	0.00716281	0.00715993	0.00000700	6	5.96000000	0.19694639
5.81689185	0.00601921	0.00601507	0.00001379	6	5.97000000	0.22270150
6.04956752	0.00502877	0.00502553	0.00001188	6	5.93000000	0.25643240
6.29155022	0.00417876	0.00417330	0.00001266	6	5.84000000	0.44312937
6.54321223	0.00345077	0.00344579	0.00001054	6	5.83000000	0.37752517
6.80494072	0.00282978	0.00282672	0.00000725	6	5.64000000	0.50292076
7.07713835	0.00230398	0.00230181	0.00000505	6	5.56000000	0.70093732
7.36022388	0.00186165	0.00186040	0.00000337	5	4.89000000	0.31446604
7.65463284	0.00149295	0.00149240	0.00000165	5	4.91000000	0.28762349
7.96081815	0.00118718	0.00118645	0.00000094	5	4.94000000	0.23868326
8.27925088	0.00093650	0.00093614	0.00000074	5	4.96000000	0.19694639
8.61042091	0.00073383	0.00073252	0.00000098	5	4.90000000	0.30151134
8.95483775	0.00057037	0.00056846	0.00000141	4	4.38000000	0.52762092
9.31303126	0.00043849	0.00043730	0.00000128	4	4.00000000	0.14213381
9.68555251	0.00033424	0.00033414	0.00000023	4	4.04000000	0.19694639
10.07297461	0.00025220	0.00025208	0.00000035	4	3.99000000	0.10000000
10.47589360	0.00018812	0.00018811	0.00000005	4	4.00000000	0.00000000
10.89492934	0.00013926	0.00013922	0.00000015	4	3.96000000	0.24287836
11.33072651	0.00010126	0.00010118	0.00000007	4	3.95000000	0.26111648
11.78395557	0.00007301	0.00007299	0.00000003	4	3.07000000	0.25643240
12.25531380	0.00005189	0.00005168	0.00000003	3	3.01000000	0.26571801
12.74552635	0.00003651	0.00003641	0.00000002	2	2.93000000	0.25643240
13.25534740	0.00002521	0.00002519	0.00000003	2	2.90000000	0.30151134
13.78556130	0.00001721	0.00001717	0.00000002	3	2.95000000	0.21904291
14.33698375	0.00001180	0.00001175	0.00000001	2	2.41000000	0.49431107
14.91046310	0.00000799	0.00000792	0.00000002	2	2.87000000	0.33799767
15.50688163	0.00000526	0.00000524	0.00000001	2	2.88000000	0.32659863
16.12715689	0.00000348	0.00000346	0.00000001	2	2.00000000	0.00000000
16.77224317	0.00000224	0.00000222	0.00000002	2	2.00000000	0.00000000
17.44313289	0.00000147	0.00000145	0.00000002	2	2.00000000	0.00000000
18.14085821	0.00000100	0.00000091	0.00000005	2	2.00000000	0.00000000
18.86649254	0.00000060	0.00000051	0.00000005	2	2.01000000	0.10000000
19.62115224	0.00000038	0.00000030	0.00000004	2	2.00000000	0.00000000
20.40599833	0.00000031	0.00000022	0.00000004	2	2.00000000	0.00000000
21.22223826	0.00000025	0.00000016	0.00000005	2	1.97000000	0.17144661
22.07112779	0.00000025	0.00000013	0.00000006	2	1.90000000	0.30151134
22.95397290	0.00000024	0.00000006	0.00000006	2	1.57000000	0.49756985
23.87213182	0.00000018	0.00000004	0.00000006	2	1.36000000	0.48241815
24.82701709	0.00000021	0.00000007	0.00000006	2	1.76000000	0.42923470
25.82009778	0.00000018	0.00000002	0.00000003	2	1.59000000	0.51433982
26.85290169	0.00000008	0.00000002	0.00000002	2	1.68000000	0.52953191
27.92701776	0.00000008	0.00000002	0.00000002	2	1.78000000	0.48367282
29.04409847	0.00000007	0.00000002	0.00000002	2	1.67000000	0.53285964
30.20586240	0.00000008	0.00000002	0.00000002	2	1.63000000	0.54411452
31.41409690	0.00000008	0.00000002	0.00000002	2	1.57000000	0.51747249
32.67066078	0.00000007	0.00000002	0.00000002	2	1.70000000	0.50251891
33.97748721	0.00000006	0.00000002	0.00000002	3	1.68000000	0.56639922
35.33658670	0.00000008	0.00000002	0.00000002	2	1.72000000	0.49400446
36.75005016	0.00000008	0.00000001	0.00000002	2	1.56000000	0.57419245
38.22005217	0.00000007	0.00000002	0.00000002	2	1.63000000	0.52522242
39.74885426	0.00000009	0.00000002	0.00000002	2	1.70000000	0.55958137
41.33880843	0.00000012	0.00000002	0.00000002	2	1.64000000	0.52261966
42.99236076	0.00000011	0.00000002	0.00000002	2	1.64000000	0.54160256
44.71205519	0.00000012	0.00000002	0.00000002	2	1.71000000	0.51825270
46.50053740	0.00000008	0.00000002	0.00000002	2	1.69000000	0.54485657
48.36055890	0.00000008	0.00000002	0.00000002	3	1.70000000	0.52223297
50.29498125	0.00000009	0.00000002	0.00000002	2	1.71000000	0.55586860
52.30678050	0.00000009	0.00000002	0.00000002	2	1.68000000	0.51010001
54.39905173	0.00000007	0.00000002	0.00000002	2	1.66000000	0.53597829
56.57501379	0.00000010	0.00000002	0.00000003	2	1.64000000	0.55994228
58.83801435	0.00000010	0.00000002	0.00000002	2	1.72000000	0.55194788
61.19153492	0.00000007	0.00000002	0.00000002	2	1.63000000	0.50562493
63.63919632	0.00000012	0.00000002	0.00000002	2	1.63000000	0.54411452
66.18476417	0.00000009	0.00000002	0.00000002	2	1.63000000	0.59721576
68.83215474	0.00000011	0.00000002	0.00000002	2	1.70000000	0.52223297
71.58544093	0.00000008	0.00000002	0.00000002	2	1.78000000	0.46231740
74.44885856	0.00000010	0.00000003	0.00000002	2	1.75000000	0.45781651
77.42681290	0.00000008	0.00000002	0.00000002	3	1.76000000	0.53409037
80.52388542	0.00000010	0.00000002	0.00000002	2	1.70000000	0.50251891
83.74484084	0.00000008	0.00000002	0.00000002	2	1.56000000	0.55632270
87.09463447	0.00000009	0.00000002	0.00000002	2	1.62000000	0.52762092
90.57841985	0.00000010	0.00000002	0.00000002	2	1.79000000	0.53738988
94.20155664	0.00000013	0.00000002	0.00000002	2	1.58000000	0.51600642
97.96961891	0.00000010	0.00000002	0.00000002	2	1.70000000	0.52223297
101.88840367	0.00000009	0.00000002	0.00000002	2	1.67000000	0.47258156
105.96393981	0.00000011	0.00000002	0.00000002	2	1.70000000	0.48199920
110.20249741	0.00000008	0.00000002	0.00000002	2	1.73000000	0.50960472
114.61059730	0.00000009	0.00000002	0.00000002	2	1.59000000	0.53361735
119.19502119	0.00000009	0.00000002	0.00000002	2	1.62000000	0.54643010
123.96282204	0.00000008	0.00000002	0.00000002	2	1.71000000	0.49838122
128.92133492	0.00000006	0.00000002	0.00000002	2	1.58000000	0.51600642
134.07818832	0.00000008	0.00000002	0.00000002	2	1.59000000	0.55222232
139.44131585	0.00000009	0.00000002	0.00000002	2	1.69000000	0.56309032
145.01896849	0.00000012	0.00000002	0.00000002	2	1.71000000	0.60794404
150.81972723	0.00000009	0.00000002	0.00000002	2	1.74000000	0.52454887
156.85251632	0.00000012	0.00000002	0.00000002	2	1.70000000	0.54122943
163.12661697	0.00000009	0.00000002	0.00000002	2	1.66000000	0.51678884
169.65168165	0.00000010	0.00000002	0.00000002	2	1.63000000	0.52522242
176.43774891	0.00000008	0.00000002	0.00000002	2	1.69000000	0.58075186
183.49525887	0.00000012	0.00000002	0.00000003	2	1.64000000	0.52261966
190.83506922	0.00000005	0.00000001	0.00000002	2	1.61000000	0.51039695
198.46847199	0.00000009	0.00000002	0.00000002	2	1.69000000	0.48606854
206.40721087	0.00000009	0.00000002	0.00000002	2	1.65000000	0.53889149
214.66349931	0.00000009	0.00000002	0.00000002	2	1.57000000	0.53663749
223.25003928	0.00000007	0.00000002	0.00000002	2	1.65000000	0.51980960
232.18004085	0.00000007	0.00000002	0.00000002	2	1.63000000	0.59721576
241.46724249	0.00000007	0.00000002	0.00000002	2	1.70000000	0.55958137
251.12593218	0.00000010	0.00000002	0.00000002	2	1.69000000	0.48606854
261.17096947	0.00000007	0.00000002	0.00000002	2	1.69000000	0.52599113
271.61780825	0.00000009	0.00000002	0.00000002	2	1.66000000	0.49685882
282.48252058	0.00000009	0.00000002	0.00000002	2	1.61000000	0.51039695
293.78182140	0.00000008	0.00000002	0.00000002	2	1.79000000	0.53738988
305.53309426	0.00000007	0.00000002	0.00000002	2	1.73000000	0.50960472
317.75441803	0.00000009	0.00000002	0.00000002	2	1.52000000	0.54085604
330.46459475	0.00000007	0.00000002	0.00000002	2	1.61000000	0.52981796
343.68317854	0.00000008	0.00000002	0.00000002	2	1.64000000	0.52261966
357.43050568	0.00000006	0.00000001	0.00000002	2	1.54000000	0.50090827
371.72772591	0.00000007	0.00000002	0.00000002	2	1.67000000	0.51355367
386.59683495	0.00000008	0.00000002	0.00000002	2	1.72000000	0.53333333
402.06070835	0.00000010	0.00000002	0.00000002	2	1.60000000	0.51247074
418.14313668	0.00000009	0.00000002	0.00000002	2	1.64000000	0.50292076
434.86886215	0.00000013	0.00000002	0.00000002	2	1.58000000	0.53522392
452.26361663	0.00000009	0.00000002	0.00000002	2	1.70000000	0.50251891
470.35416130	0.00000010	0.00000002	0.00000002	2	1.65000000	0.50000000
489.16832775	0.00000010	0.00000002	0.00000002	2	1.66000000	0.53597829
508.73506086	0.00000007	0.00000001	0.00000002	3	1.54000000	0.53973432
529.08446329	0.00000011	0.00000002	0.00000003	2	1.80000000	0.49236596
550.24784183	0.00000010	0.00000002	0.00000002	2	1.75000000	0.53889149
572.25775550	0.00000007	0.00000002	0.00000002	2	1.76000000	0.49482167
595.14806572	0.00000009	0.00000002	0.00000002	2	1.68000000	0.54827553
618.95398835	0.00000009	0.00000002	0.00000002	2	1.69000000	0.52599113
643.71214788	0.00000008	0.00000002	0.00000002	2	1.74000000	0.52454887
669.46063380	0.00000009	0.00000002	0.00000002	2	1.77000000	0.52905481
696.23905915	0.00000009	0.00000002	0.00000002	2	1.73000000	0.52905481
724.08862152	0.00000009	0.00000002	0.00000002	2	1.68000000	0.51010001
753.05216638	0.00000007	0.00000002	0.00000002	3	1.75000000	0.59246105
783.17425303	0.00000007	0.00000002	0.00000002	2	1.62000000	0.52762092
814.50122315	0.00000009	0.00000002	0.00000002	2	1.64000000	0.55994228
847.08127208	0.00000008	0.00000002	0.00000002	2	1.62000000	0.54643010
880.96452296	0.00000009	0.00000002	0.00000002	3	1.66000000	0.55450406
916.20310388	0.00000008	0.00000002	0.00000002	2	1.64000000	0.54160256
952.85122803	0.00000007	0.00000002	0.00000002	2	1.68000000	0.51010001
990.96527716	0.00000007	0.00000002	0.00000002	2	1.75000000	0.55732043
1030.60388824	0.00000009	0.00000002	0.00000002	2	1.69000000	0.59789192
1071.82804377	0.00000009	0.00000002	0.00000002	2	1.61000000	0.56666667
1114.70116552	0.00000008	0.00000002	0.00000002	2	1.71000000	0.51825270
1159.28921214	0.00000008	0.00000002	0.00000002	2	1.65000000	0.50000000
1205.66078063	0.00000010	0.00000002	0.00000002	2	1.68000000	0.52953191
1253.88721186	0.00000008	0.00000002	0.00000002	2	1.67000000	0.55149018
1304.04270033	0.00000008	0.00000002	0.00000002	2	1.70000000	0.55958137
1356.20440834	0.00000013	0.00000002	0.00000002	2	1.71000000	0.49838122
1410.45258468	0.00000007	0.00000002	0.00000002	2	1.66000000	0.58981250
1466.87068806	0.00000008	0.00000002	0.00000002	2	1.59000000	0.51433982
1525.54551559	0.00000008	0.00000002	0.00000002	2	1.75000000	0.53889149
1586.56733621	0.00000008	0.00000002	0.00000002	2	1.63000000	0.50562493
1650.03002966	0.00000008	0.00000002	0.00000002	2	1.71000000	0.49838122
1716.03123084	0.00000006	0.00000002	0.00000002	2	1.68000000	0.48989795
1784.67248008	0.00000012	0.00000002	0.00000002	2	1.63000000	0.52522242
1856.05937928	0.00000010	0.00000002	0.00000002	2	1.68000000	0.56639922
1930.30175445	0.00000008	0.00000002	0.00000002	2	1.59000000	0.53361735
2007.51382463	0.00000007	0.00000002	0.00000002	2	1.70000000	0.54122943
2087.81437762	0.00000007	0.00000002	0.00000002	2	1.58000000	0.51600642
2171.32695272	0.00000011	0.00000002	0.00000003	2	1.71000000	0.53738988
2258.18003083	0.00000010	0.00000002	0.00000002	2	1.76000000	0.53409037
2348.50723206	0.00000013	0.00000002	0.00000002	2	1.71000000	0.51825270
2442.44752134	0.00000011	0.00000002	0.00000002	2	1.58000000	0.53522392
2540.14542220	0.00000008	0.00000002	0.00000002	2	1.61000000	0.56666667
2641.75123909	0.00000007	0.00000002	0.00000002	2	1.59000000	0.53361735
2747.42128865	0.00000007	0.00000002	0.00000002	2	1.62000000	0.54643010
2857.31814020	0.00000009	0.00000002	0.00000002	3	1.74000000	0.56174332
2971.61086580	0.00000007	0.00000002	0.00000002	2	1.72000000	0.45126086
3090.47530044	0.00000010	0.00000002	0.00000002	2	1.58000000	0.55377492
3214.09431245	0.00000010	0.00000002	0.00000002	2	1.72000000	0.56995481
3342.65808495	0.00000009	0.00000002	0.00000002	2	1.65000000	0.51980960
3476.36440835	0.00000008	0.00000002	0.00000002	2	1.69000000	0.52599113
3615.41898468	0.00000007	0.00000002	0.00000002	2	1.69000000	0.50642339
3760.03574407	0.00000010	0.00000002	0.00000002	2	1.60000000	0.55048188
3910.43717383	0.00000011	0.00000002	0.00000002	2	1.62000000	0.50811595
4066.85466079	0.00000010	0.00000002	0.00000002	2	1.72000000	0.51404516
4229.52884722	0.00000009	0.00000002	0.00000002	2	1.71000000	0.55586860
4398.71000111	0.00000008	0.00000001	0.00000002	2	1.53000000	0.52136185
4574.65840115	0.00000006	0.00000002	0.00000002	2	1.67000000	0.53285964
4757.64473720	0.00000008	0.00000002	0.00000002	2	1.68000000	0.56639922
4947.95052668	0.00000008	0.00000002	0.00000002	2	1.64000000	0.52261966
5145.86854775	0.00000008	0.00000002	0.00000002	2	1.66000000	0.51678884
5351.70328966	0.00000016	0.00000002	0.00000003	2	1.67000000	0.53285964
5565.77142125	0.00000009	0.00000002	0.00000002	2	1.72000000	0.53333333
5788.40227810	0.00000007	0.00000002	0.00000002	2	1.65000000	0.55732043
6019.93836922	0.00000006	0.00000002	0.00000002	2	1.63000000	0.52522242
6260.73590399	0.00000007	0.00000002	0.00000002	2	1.66000000	0.51678884
6511.16534015	0.00000011	0.00000002	0.00000002	2	1.66000000	0.51678884
6771.61195376	0.00000007	0.00000001	0.00000002	3	1.56000000	0.53785958
7042.47643191	0.00000008	0.00000002	0.00000002	2	1.63000000	0.56237232
7324.17548918	0.00000009	0.00000002	0.00000002	2	1.63000000	0.52522242
7617.14250875	0.00000009	0.00000002	0.00000002	2	1.73000000	0.50960472
7921.82820910	0.00000008	0.00000002	0.00000002	3	1.63000000	0.58005573
8238.70133746	0.00000007	0.00000002	0.00000002	2	1.64000000	0.50292076
8568.24939096	0.00000007	0.00000002	0.00000002	2	1.71000000	0.49838122
8910.97936660	0.00000008	0.00000001	0.00000002	2	1.52000000	0.52184599
9267.41854127	0.00000008	0.00000002	0.00000002	2	1.84000000	0.52647100
9638.11528292	0.00000006	0.00000002	0.00000002	2	1.70000000	0.54122943
